This is pdfTeX, Version 3.1415926-2.4-1.40.13 (TeX Live 2012/Debian) (format=pdflatex 2013.9.23)  24 SEP 2013 09:58
entering extended mode
 restricted \write18 enabled.
 %&-line parsing enabled.
**PFC
(./PFC.tex
LaTeX2e <2011/06/27>
Babel <v3.8m> and hyphenation patterns for english, dumylang, nohyphenation, ga
lician, catalan, spanish, thai, loaded.
(/usr/share/texlive/texmf-dist/tex/latex/base/book.cls
Document Class: book 2007/10/19 v1.4h Standard LaTeX document class
(/usr/share/texlive/texmf-dist/tex/latex/base/bk11.clo
File: bk11.clo 2007/10/19 v1.4h Standard LaTeX file (size option)
)
\c@part=\count79
\c@chapter=\count80
\c@section=\count81
\c@subsection=\count82
\c@subsubsection=\count83
\c@paragraph=\count84
\c@subparagraph=\count85
\c@figure=\count86
\c@table=\count87
\abovecaptionskip=\skip41
\belowcaptionskip=\skip42
\bibindent=\dimen102
)
(/var/lib/texmf/tex/generic/babel/babel.sty
Package: babel 2008/07/08 v3.8m The Babel package

(/usr/share/texlive/texmf-dist/tex/generic/babel/spanish.ldf
Language: spanish.ldf 2011/10/06 v5.0k Spanish support from the babel system

(/usr/share/texlive/texmf-dist/tex/generic/babel/babel.def
File: babel.def 2008/07/08 v3.8m Babel common definitions
\babel@savecnt=\count88
\U@D=\dimen103
)
\es@datefmt=\count89
\es@quottoks=\toks14
\es@quotdepth=\count90
Package babel Info: Making " an active character on input line 496.
Package babel Info: Making . an active character on input line 599.
Package babel Info: Making < an active character on input line 644.
Package babel Info: Making > an active character on input line 644.
Package babel Info: Making ' an active character on input line 671.
))
(/usr/share/texlive/texmf-dist/tex/latex/caption/caption.sty
Package: caption 2012/02/19 v3.2f Customizing captions (AR)

(/usr/share/texlive/texmf-dist/tex/latex/caption/caption3.sty
Package: caption3 2012/01/12 v1.4b caption3 kernel (AR)

(/usr/share/texlive/texmf-dist/tex/latex/graphics/keyval.sty
Package: keyval 1999/03/16 v1.13 key=value parser (DPC)
\KV@toks@=\toks15
)
\captionmargin=\dimen104
\captionmargin@=\dimen105
\captionwidth=\dimen106
\caption@indent=\dimen107
\caption@parindent=\dimen108
\caption@hangindent=\dimen109
)
\c@ContinuedFloat=\count91
)
(/usr/share/texlive/texmf-dist/tex/latex/caption/subcaption.sty
Package: subcaption 2012/01/12 v1.1d Sub-captions (AR)
\c@subfigure=\count92
\c@subtable=\count93
)
(/usr/share/texlive/texmf-dist/tex/latex/base/inputenc.sty
Package: inputenc 2008/03/30 v1.1d Input encoding file
\inpenc@prehook=\toks16
\inpenc@posthook=\toks17

(/usr/share/texlive/texmf-dist/tex/latex/ucs/utf8x.def
File: utf8x.def 2004/10/17 UCS: Input encoding UTF-8
))
(/usr/share/texlive/texmf-dist/tex/latex/ucs/ucs.sty
Package: ucs 2004/10/17 UCS: Unicode input support

(/usr/share/texlive/texmf-dist/tex/latex/ucs/data/uni-global.def
File: uni-global.def 2012/04/20 UCS: Unicode global data
)
\uc@secondtry=\count94
\uc@combtoks=\toks18
\uc@combtoksb=\toks19
\uc@temptokena=\toks20
)
(/usr/share/texlive/texmf-dist/tex/latex/base/fontenc.sty
Package: fontenc 2005/09/27 v1.99g Standard LaTeX package

(/usr/share/texlive/texmf-dist/tex/latex/base/t1enc.def
File: t1enc.def 2005/09/27 v1.99g Standard LaTeX file
LaTeX Font Info:    Redeclaring font encoding T1 on input line 43.
))
(/usr/share/texlive/texmf-dist/tex/latex/amsmath/amsmath.sty
Package: amsmath 2000/07/18 v2.13 AMS math features
\@mathmargin=\skip43

For additional information on amsmath, use the `?' option.
(/usr/share/texlive/texmf-dist/tex/latex/amsmath/amstext.sty
Package: amstext 2000/06/29 v2.01

(/usr/share/texlive/texmf-dist/tex/latex/amsmath/amsgen.sty
File: amsgen.sty 1999/11/30 v2.0
\@emptytoks=\toks21
\ex@=\dimen110
))
(/usr/share/texlive/texmf-dist/tex/latex/amsmath/amsbsy.sty
Package: amsbsy 1999/11/29 v1.2d
\pmbraise@=\dimen111
)
(/usr/share/texlive/texmf-dist/tex/latex/amsmath/amsopn.sty
Package: amsopn 1999/12/14 v2.01 operator names
)
\inf@bad=\count95
LaTeX Info: Redefining \frac on input line 211.
\uproot@=\count96
\leftroot@=\count97
LaTeX Info: Redefining \overline on input line 307.
\classnum@=\count98
\DOTSCASE@=\count99
LaTeX Info: Redefining \ldots on input line 379.
LaTeX Info: Redefining \dots on input line 382.
LaTeX Info: Redefining \cdots on input line 467.
\Mathstrutbox@=\box26
\strutbox@=\box27
\big@size=\dimen112
LaTeX Font Info:    Redeclaring font encoding OML on input line 567.
LaTeX Font Info:    Redeclaring font encoding OMS on input line 568.
\macc@depth=\count100
\c@MaxMatrixCols=\count101
\dotsspace@=\muskip10
\c@parentequation=\count102
\dspbrk@lvl=\count103
\tag@help=\toks22
\row@=\count104
\column@=\count105
\maxfields@=\count106
\andhelp@=\toks23
\eqnshift@=\dimen113
\alignsep@=\dimen114
\tagshift@=\dimen115
\tagwidth@=\dimen116
\totwidth@=\dimen117
\lineht@=\dimen118
\@envbody=\toks24
\multlinegap=\skip44
\multlinetaggap=\skip45
\mathdisplay@stack=\toks25
LaTeX Info: Redefining \[ on input line 2666.
LaTeX Info: Redefining \] on input line 2667.
)
(/usr/share/texlive/texmf-dist/tex/latex/amscls/amsthm.sty
Package: amsthm 2009/07/02 v2.20.1
\thm@style=\toks26
\thm@bodyfont=\toks27
\thm@headfont=\toks28
\thm@notefont=\toks29
\thm@headpunct=\toks30
\thm@preskip=\skip46
\thm@postskip=\skip47
\thm@headsep=\skip48
\dth@everypar=\toks31
)
(/usr/share/texlive/texmf-dist/tex/latex/amsfonts/amsfonts.sty
Package: amsfonts 2009/06/22 v3.00 Basic AMSFonts support
\symAMSa=\mathgroup4
\symAMSb=\mathgroup5
LaTeX Font Info:    Overwriting math alphabet `\mathfrak' in version `bold'
(Font)                  U/euf/m/n --> U/euf/b/n on input line 96.
)
(/usr/share/texlive/texmf-dist/tex/latex/amsfonts/amssymb.sty
Package: amssymb 2009/06/22 v3.00
)
(/usr/share/texlive/texmf-dist/tex/latex/shadow/shadow.sty
Package: shadow 2003/02/19 v1.3 shadow boxes (M.O.)
\txtwdth=\dimen119
\sht=\dimen120
\shw=\dimen121
\shbox=\box28
\sboxsep=\dimen122
\sboxrule=\dimen123
\sdim=\dimen124
)
(/usr/share/texlive/texmf-dist/tex/latex/tools/indentfirst.sty
Package: indentfirst 1995/11/23 v1.03 Indent first paragraph (DPC)
)
(/usr/share/texlive/texmf-dist/tex/latex/fancyhdr/fancyhdr.sty
\fancy@headwidth=\skip49
\f@ncyO@elh=\skip50
\f@ncyO@erh=\skip51
\f@ncyO@olh=\skip52
\f@ncyO@orh=\skip53
\f@ncyO@elf=\skip54
\f@ncyO@erf=\skip55
\f@ncyO@olf=\skip56
\f@ncyO@orf=\skip57
)
(/usr/share/texlive/texmf-dist/tex/latex/graphics/graphicx.sty
Package: graphicx 1999/02/16 v1.0f Enhanced LaTeX Graphics (DPC,SPQR)

(/usr/share/texlive/texmf-dist/tex/latex/graphics/graphics.sty
Package: graphics 2009/02/05 v1.0o Standard LaTeX Graphics (DPC,SPQR)

(/usr/share/texlive/texmf-dist/tex/latex/graphics/trig.sty
Package: trig 1999/03/16 v1.09 sin cos tan (DPC)
)
(/usr/share/texlive/texmf-dist/tex/latex/latexconfig/graphics.cfg
File: graphics.cfg 2010/04/23 v1.9 graphics configuration of TeX Live
)
Package graphics Info: Driver file: pdftex.def on input line 91.

(/usr/share/texlive/texmf-dist/tex/latex/pdftex-def/pdftex.def
File: pdftex.def 2011/05/27 v0.06d Graphics/color for pdfTeX

(/usr/share/texlive/texmf-dist/tex/generic/oberdiek/infwarerr.sty
Package: infwarerr 2010/04/08 v1.3 Providing info/warning/error messages (HO)
)
(/usr/share/texlive/texmf-dist/tex/generic/oberdiek/ltxcmds.sty
Package: ltxcmds 2011/11/09 v1.22 LaTeX kernel commands for general use (HO)
)
\Gread@gobject=\count107
))
\Gin@req@height=\dimen125
\Gin@req@width=\dimen126
)
(/usr/share/texlive/texmf-dist/tex/latex/appendix/appendix.sty
Package: appendix 2009/09/02 v1.2b extra appendix facilities
\c@@pps=\count108
\c@@ppsavesec=\count109
\c@@ppsaveapp=\count110
)
(/usr/share/texlive/texmf-dist/tex/latex/hyperref/hyperref.sty
Package: hyperref 2012/05/13 v6.82q Hypertext links for LaTeX

(/usr/share/texlive/texmf-dist/tex/generic/oberdiek/hobsub-hyperref.sty
Package: hobsub-hyperref 2012/05/28 v1.13 Bundle oberdiek, subset hyperref (HO)


(/usr/share/texlive/texmf-dist/tex/generic/oberdiek/hobsub-generic.sty
Package: hobsub-generic 2012/05/28 v1.13 Bundle oberdiek, subset generic (HO)
Package: hobsub 2012/05/28 v1.13 Construct package bundles (HO)
Package hobsub Info: Skipping package `infwarerr' (already loaded).
Package hobsub Info: Skipping package `ltxcmds' (already loaded).
Package: ifluatex 2010/03/01 v1.3 Provides the ifluatex switch (HO)
Package ifluatex Info: LuaTeX not detected.
Package: ifvtex 2010/03/01 v1.5 Detect VTeX and its facilities (HO)
Package ifvtex Info: VTeX not detected.
Package: intcalc 2007/09/27 v1.1 Expandable calculations with integers (HO)
Package: ifpdf 2011/01/30 v2.3 Provides the ifpdf switch (HO)
Package ifpdf Info: pdfTeX in PDF mode is detected.
Package: etexcmds 2011/02/16 v1.5 Avoid name clashes with e-TeX commands (HO)
Package etexcmds Info: Could not find \expanded.
(etexcmds)             That can mean that you are not using pdfTeX 1.50 or
(etexcmds)             that some package has redefined \expanded.
(etexcmds)             In the latter case, load this package earlier.
Package: kvsetkeys 2012/04/25 v1.16 Key value parser (HO)
Package: kvdefinekeys 2011/04/07 v1.3 Define keys (HO)
Package: pdftexcmds 2011/11/29 v0.20 Utility functions of pdfTeX for LuaTeX (HO
)
Package pdftexcmds Info: LuaTeX not detected.
Package pdftexcmds Info: \pdf@primitive is available.
Package pdftexcmds Info: \pdf@ifprimitive is available.
Package pdftexcmds Info: \pdfdraftmode found.
Package: pdfescape 2011/11/25 v1.13 Implements pdfTeX's escape features (HO)
Package: bigintcalc 2012/04/08 v1.3 Expandable calculations on big integers (HO
)
Package: bitset 2011/01/30 v1.1 Handle bit-vector datatype (HO)
Package: uniquecounter 2011/01/30 v1.2 Provide unlimited unique counter (HO)
)
Package hobsub Info: Skipping package `hobsub' (already loaded).
Package: letltxmacro 2010/09/02 v1.4 Let assignment for LaTeX macros (HO)
Package: hopatch 2012/05/28 v1.2 Wrapper for package hooks (HO)
Package: xcolor-patch 2011/01/30 xcolor patch
Package: atveryend 2011/06/30 v1.8 Hooks at the very end of document (HO)
Package atveryend Info: \enddocument detected (standard20110627).
Package: atbegshi 2011/10/05 v1.16 At begin shipout hook (HO)
Package: refcount 2011/10/16 v3.4 Data extraction from label references (HO)
Package: hycolor 2011/01/30 v1.7 Color options for hyperref/bookmark (HO)
)
(/usr/share/texlive/texmf-dist/tex/generic/ifxetex/ifxetex.sty
Package: ifxetex 2010/09/12 v0.6 Provides ifxetex conditional
)
(/usr/share/texlive/texmf-dist/tex/latex/oberdiek/kvoptions.sty
Package: kvoptions 2011/06/30 v3.11 Key value format for package options (HO)
)
\@linkdim=\dimen127
\Hy@linkcounter=\count111
\Hy@pagecounter=\count112

(/usr/share/texlive/texmf-dist/tex/latex/hyperref/pd1enc.def
File: pd1enc.def 2012/05/13 v6.82q Hyperref: PDFDocEncoding definition (HO)
)
\Hy@SavedSpaceFactor=\count113

(/usr/share/texlive/texmf-dist/tex/latex/latexconfig/hyperref.cfg
File: hyperref.cfg 2002/06/06 v1.2 hyperref configuration of TeXLive
)
Package hyperref Info: Option `colorlinks' set `true' on input line 3941.
Package hyperref Info: Hyper figures OFF on input line 4062.
Package hyperref Info: Link nesting OFF on input line 4067.
Package hyperref Info: Hyper index ON on input line 4070.
Package hyperref Info: Plain pages OFF on input line 4077.
Package hyperref Info: Backreferencing OFF on input line 4082.
Package hyperref Info: Implicit mode ON; LaTeX internals redefined.
Package hyperref Info: Bookmarks ON on input line 4300.
\c@Hy@tempcnt=\count114

(/usr/share/texlive/texmf-dist/tex/latex/url/url.sty
\Urlmuskip=\muskip11
Package: url 2006/04/12  ver 3.3  Verb mode for urls, etc.
)
LaTeX Info: Redefining \url on input line 4653.
\Fld@menulength=\count115
\Field@Width=\dimen128
\Fld@charsize=\dimen129
Package hyperref Info: Hyper figures OFF on input line 5773.
Package hyperref Info: Link nesting OFF on input line 5778.
Package hyperref Info: Hyper index ON on input line 5781.
Package hyperref Info: backreferencing OFF on input line 5788.
Package hyperref Info: Link coloring ON on input line 5791.
Package hyperref Info: Link coloring with OCG OFF on input line 5798.
Package hyperref Info: PDF/A mode OFF on input line 5803.
LaTeX Info: Redefining \ref on input line 5843.
LaTeX Info: Redefining \pageref on input line 5847.
\Hy@abspage=\count116
\c@Item=\count117
\c@Hfootnote=\count118
)

Package hyperref Message: Driver (autodetected): hpdftex.

(/usr/share/texlive/texmf-dist/tex/latex/hyperref/hpdftex.def
File: hpdftex.def 2012/05/13 v6.82q Hyperref driver for pdfTeX
\Fld@listcount=\count119
\c@bookmark@seq@number=\count120

(/usr/share/texlive/texmf-dist/tex/latex/oberdiek/rerunfilecheck.sty
Package: rerunfilecheck 2011/04/15 v1.7 Rerun checks for auxiliary files (HO)
Package uniquecounter Info: New unique counter `rerunfilecheck' on input line 2
82.
)
\Hy@SectionHShift=\skip58
)
(/usr/share/texlive/texmf-dist/tex/latex/anysize/anysize.sty
Package: anysize 1994/08/13 setting margin sizes

document style option `anysize' loaded
Michael Salzenberg, Thomas Esser, Dirk Hillbrecht
Version 1.0, Aug 13, 1994
\@Leftmargin=\dimen130
\@Rightmargin=\dimen131
\@Topmargin=\dimen132
\@Bottommargin=\dimen133
) (/usr/share/texlive/texmf-dist/tex/latex/tools/theorem.sty
Package: theorem 1995/11/23 v2.2c Theorem extension package (FMi)
\theorem@style=\toks32
\theorem@bodyfont=\toks33
\theorempreskipamount=\skip59
\theorempostskipamount=\skip60

(/usr/share/texlive/texmf-dist/tex/latex/tools/thp.sty
File: thp.sty 1995/11/23 v2.2c Theorem extension package (FMi)
))
(/usr/share/texlive/texmf-dist/tex/latex/float/float.sty
Package: float 2001/11/08 v1.3d Float enhancements (AL)
\c@float@type=\count121
\float@exts=\toks34
\float@box=\box29
\@float@everytoks=\toks35
\@floatcapt=\box30
)
(/usr/share/texlive/texmf-dist/tex/latex/fncychap/fncychap.sty
Package: fncychap 2007/07/30 v1.34 LaTeX package (Revised chapters)
\RW=\skip61
\mylen=\skip62
\myhi=\skip63
\px=\skip64
\py=\skip65
\pyy=\skip66
\pxx=\skip67
)
(/usr/share/texlive/texmf-dist/tex/latex/fancyhdr/extramarks.sty
\@temptokenb=\toks36
)
(/usr/share/texlive/texmf-dist/tex/latex/graphics/color.sty
Package: color 2005/11/14 v1.0j Standard LaTeX Color (DPC)

(/usr/share/texlive/texmf-dist/tex/latex/latexconfig/color.cfg
File: color.cfg 2007/01/18 v1.5 color configuration of teTeX/TeXLive
)
Package color Info: Driver file: pdftex.def on input line 130.
)
(/usr/share/texlive/texmf-dist/tex/latex/listings/listings.sty
\lst@mode=\count122
\lst@gtempboxa=\box31
\lst@token=\toks37
\lst@length=\count123
\lst@currlwidth=\dimen134
\lst@column=\count124
\lst@pos=\count125
\lst@lostspace=\dimen135
\lst@width=\dimen136
\lst@newlines=\count126
\lst@lineno=\count127
\lst@maxwidth=\dimen137

(/usr/share/texlive/texmf-dist/tex/latex/listings/lstmisc.sty
File: lstmisc.sty 2007/02/22 1.4 (Carsten Heinz)
\c@lstnumber=\count128
\lst@skipnumbers=\count129
\lst@framebox=\box32
)
(/usr/share/texlive/texmf-dist/tex/latex/listings/listings.cfg
File: listings.cfg 2007/02/22 1.4 listings configuration
))
Package: listings 2007/02/22 1.4 (Carsten Heinz)
 (./PFC.aux
LaTeX Info: Redefining \. on input line 23.
LaTeX Info: Redefining \% on input line 23.

(./Acta/Acta.aux) (./prologo.aux) (./intro.aux) (./analysis.aux) (./state.aux)
(./design.aux) (./results.aux) (./conclusions.aux) (./installation.aux)
(./integracion.aux) (./openSource.aux) (./licencias.aux) (./swade_code.aux))
\openout1 = `PFC.aux'.

LaTeX Font Info:    Checking defaults for OML/cmm/m/it on input line 76.
LaTeX Font Info:    ... okay on input line 76.
LaTeX Font Info:    Checking defaults for T1/cmr/m/n on input line 76.
LaTeX Font Info:    ... okay on input line 76.
LaTeX Font Info:    Checking defaults for OT1/cmr/m/n on input line 76.
LaTeX Font Info:    ... okay on input line 76.
LaTeX Font Info:    Checking defaults for OMS/cmsy/m/n on input line 76.
LaTeX Font Info:    ... okay on input line 76.
LaTeX Font Info:    Checking defaults for OMX/cmex/m/n on input line 76.
LaTeX Font Info:    ... okay on input line 76.
LaTeX Font Info:    Checking defaults for U/cmr/m/n on input line 76.
LaTeX Font Info:    ... okay on input line 76.
LaTeX Font Info:    Checking defaults for PD1/pdf/m/n on input line 76.
LaTeX Font Info:    ... okay on input line 76.
LaTeX Info: Redefining \. on input line 76.
LaTeX Info: Redefining \% on input line 76.
Package caption Info: Begin \AtBeginDocument code.
Package caption Info: float package is loaded.
Package caption Info: hyperref package is loaded.
Package caption Info: listings package is loaded.
Package caption Info: End \AtBeginDocument code.

(/usr/share/texlive/texmf-dist/tex/latex/ucs/ucsencs.def
File: ucsencs.def 2011/01/21 Fixes to fontencodings LGR, T3
)
(/usr/share/texlive/texmf-dist/tex/context/base/supp-pdf.mkii
[Loading MPS to PDF converter (version 2006.09.02).]
\scratchcounter=\count130
\scratchdimen=\dimen138
\scratchbox=\box33
\nofMPsegments=\count131
\nofMParguments=\count132
\everyMPshowfont=\toks38
\MPscratchCnt=\count133
\MPscratchDim=\dimen139
\MPnumerator=\count134
\makeMPintoPDFobject=\count135
\everyMPtoPDFconversion=\toks39
) (/usr/share/texlive/texmf-dist/tex/latex/oberdiek/epstopdf-base.sty
Package: epstopdf-base 2010/02/09 v2.5 Base part for package epstopdf

(/usr/share/texlive/texmf-dist/tex/latex/oberdiek/grfext.sty
Package: grfext 2010/08/19 v1.1 Manage graphics extensions (HO)
)
Package grfext Info: Graphics extension search list:
(grfext)             [.png,.pdf,.jpg,.mps,.jpeg,.jbig2,.jb2,.PNG,.PDF,.JPG,.JPE
G,.JBIG2,.JB2,.eps]
(grfext)             \AppendGraphicsExtensions on input line 452.

(/usr/share/texlive/texmf-dist/tex/latex/latexconfig/epstopdf-sys.cfg
File: epstopdf-sys.cfg 2010/07/13 v1.3 Configuration of (r)epstopdf for TeX Liv
e
))
\AtBeginShipoutBox=\box34
Package hyperref Info: Link coloring ON on input line 76.

(/usr/share/texlive/texmf-dist/tex/latex/hyperref/nameref.sty
Package: nameref 2010/04/30 v2.40 Cross-referencing by name of section

(/usr/share/texlive/texmf-dist/tex/generic/oberdiek/gettitlestring.sty
Package: gettitlestring 2010/12/03 v1.4 Cleanup title references (HO)
)
\c@section@level=\count136
)
LaTeX Info: Redefining \ref on input line 76.
LaTeX Info: Redefining \pageref on input line 76.
LaTeX Info: Redefining \nameref on input line 76.

(./PFC.out) (./PFC.out)
\@outlinefile=\write3
\openout3 = `PFC.out'.

\c@lstlisting=\count137
 (./Portada/port.tex
<fig/logo_ugr.jpg, id=139, 190.7125pt x 190.7125pt>
File: fig/logo_ugr.jpg Graphic file (type jpg)
 <use fig/logo_ugr.jpg>
Package pdftex.def Info: fig/logo_ugr.jpg used on input line 15.
(pdftex.def)             Requested size: 170.71652pt x 170.72299pt.

(/usr/share/texlive/texmf-dist/tex/latex/ucs/data/uni-0.def
File: uni-0.def 2012/04/20 UCS: Unicode data U+0000..U+00FF
)
LaTeX Font Info:    Try loading font information for U+msa on input line 36.

(/usr/share/texlive/texmf-dist/tex/latex/amsfonts/umsa.fd
File: umsa.fd 2009/06/22 v3.00 AMS symbols A
)
LaTeX Font Info:    Try loading font information for U+msb on input line 36.

(/usr/share/texlive/texmf-dist/tex/latex/amsfonts/umsb.fd
File: umsb.fd 2009/06/22 v3.00 AMS symbols B
)
Underfull \vbox (badness 10000) has occurred while \output is active []

 [1


{/var/lib/texmf/fonts/map/pdftex/updmap/pdftex.map} <./fig/logo_ugr.jpg>]

Package Fancyhdr Warning: \headheight is too small (12.0pt): 
 Make it at least 13.59999pt.
 We now make it that large for the rest of the document.
 This may cause the page layout to be inconsistent, however.

[2])
\openout2 = `Acta/Acta.aux'.

 (./Acta/Acta.tex
Underfull \hbox (badness 10000) in paragraph at lines 5--28

 []


Underfull \hbox (badness 10000) in paragraph at lines 5--28

 []


Underfull \hbox (badness 10000) in paragraph at lines 5--28

 []


Underfull \hbox (badness 10000) in paragraph at lines 5--28

 []


Underfull \hbox (badness 10000) in paragraph at lines 5--28

 []


Underfull \hbox (badness 10000) in paragraph at lines 5--28

 []


Underfull \hbox (badness 10000) in paragraph at lines 5--28

 []


Underfull \hbox (badness 10000) in paragraph at lines 5--28

 []


Underfull \hbox (badness 10000) in paragraph at lines 5--28

 []


Underfull \hbox (badness 10000) in paragraph at lines 5--28

 []


Underfull \hbox (badness 10000) in paragraph at lines 29--40

 []


Underfull \hbox (badness 10000) in paragraph at lines 29--40

 []


Underfull \hbox (badness 10000) in paragraph at lines 29--40

 []


Underfull \hbox (badness 10000) in paragraph at lines 29--40

 []


Underfull \hbox (badness 10000) in paragraph at lines 29--40

 []


Underfull \hbox (badness 10000) in paragraph at lines 29--40

 []


Underfull \hbox (badness 10000) in paragraph at lines 29--40

 []

) [3


] [4


] (./Agradecimientos/Agradecimientos.tex) [5

] [6

] (./Cita/Cita.tex)
[7] [8

] (./Resumen/Abstract.tex) [9

] [10

] (./PFC.toc
LaTeX Info: Redefining \. on input line 1.
LaTeX Info: Redefining \% on input line 1.
 [11

])
\tf@toc=\write4
\openout4 = `PFC.toc'.

 [12] (./PFC.lof
LaTeX Info: Redefining \. on input line 1.
LaTeX Info: Redefining \% on input line 1.

[13

])
\tf@lof=\write5
\openout5 = `PFC.lof'.

 [14]
\openout2 = `prologo.aux'.

 (./prologo.tex
LaTeX Font Info:    Try loading font information for T1+cmtt on input line 3.

(/usr/share/texlive/texmf-dist/tex/latex/base/t1cmtt.fd
File: t1cmtt.fd 1999/05/25 v2.5h Standard LaTeX font definitions
)) [15


]
\openout2 = `intro.aux'.

 (./intro.tex
[16



]
Cap\'{\i }tulo 1.
LaTeX Font Info:    Try loading font information for OT1+phv on input line 1.
(/usr/share/texlive/texmf-dist/tex/latex/psnfss/ot1phv.fd
File: ot1phv.fd 2001/06/04 scalable font definitions for OT1/phv.
)
LaTeX Font Info:    Try loading font information for OT1+ptm on input line 1.

(/usr/share/texlive/texmf-dist/tex/latex/psnfss/ot1ptm.fd
File: ot1ptm.fd 2001/06/04 font definitions for OT1/ptm.
)
Package epstopdf Info: Source file: <fig/wiki_markup.eps>
(epstopdf)                    date: 2013-09-23 02:04:53
(epstopdf)                    size: 3189550 bytes
(epstopdf)             Output file: <fig/wiki_markup-eps-converted-to.pdf>
(epstopdf)                    date: 2013-09-23 02:05:26
(epstopdf)                    size: 61404 bytes
(epstopdf)             Command: <repstopdf --outfile=fig/wiki_markup-eps-conver
ted-to.pdf fig/wiki_markup.eps>
(epstopdf)             \includegraphics on input line 7.
Package epstopdf Info: Output file is already uptodate.

<fig/wiki_markup-eps-converted-to.pdf, id=322, 1158.3275pt x 455.7025pt>
File: fig/wiki_markup-eps-converted-to.pdf Graphic file (type pdf)

<use fig/wiki_markup-eps-converted-to.pdf>
Package pdftex.def Info: fig/wiki_markup-eps-converted-to.pdf used on input lin
e 7.
(pdftex.def)             Requested size: 433.62pt x 170.589pt.
 [17 <./fig/wiki_markup-eps-converted-to.pdf>]
Package epstopdf Info: Source file: <fig/swade_test1.eps>
(epstopdf)                    date: 2013-09-23 02:04:52
(epstopdf)                    size: 2187697 bytes
(epstopdf)             Output file: <fig/swade_test1-eps-converted-to.pdf>
(epstopdf)                    date: 2013-09-23 02:05:32
(epstopdf)                    size: 95204 bytes
(epstopdf)             Command: <repstopdf --outfile=fig/swade_test1-eps-conver
ted-to.pdf fig/swade_test1.eps>
(epstopdf)             \includegraphics on input line 24.
Package epstopdf Info: Output file is already uptodate.

<fig/swade_test1-eps-converted-to.pdf, id=335, 713.66624pt x 506.89375pt>
File: fig/swade_test1-eps-converted-to.pdf Graphic file (type pdf)

<use fig/swade_test1-eps-converted-to.pdf>
Package pdftex.def Info: fig/swade_test1-eps-converted-to.pdf used on input lin
e 24.
(pdftex.def)             Requested size: 361.34999pt x 256.6561pt.


Package Fancyhdr Warning: \headheight is too small (13.59999pt): 
 Make it at least 13.64296pt.
 We now make it that large for the rest of the document.
 This may cause the page layout to be inconsistent, however.

[18 <./fig/swade_test1-eps-converted-to.pdf>]
Package epstopdf Info: Source file: <fig/swade_test2.eps>
(epstopdf)                    date: 2013-09-23 02:04:52
(epstopdf)                    size: 1516288 bytes
(epstopdf)             Output file: <fig/swade_test2-eps-converted-to.pdf>
(epstopdf)                    date: 2013-09-23 02:05:36
(epstopdf)                    size: 33898 bytes
(epstopdf)             Command: <repstopdf --outfile=fig/swade_test2-eps-conver
ted-to.pdf fig/swade_test2.eps>
(epstopdf)             \includegraphics on input line 36.
Package epstopdf Info: Output file is already uptodate.

<fig/swade_test2-eps-converted-to.pdf, id=346, 672.5125pt x 372.39125pt>
File: fig/swade_test2-eps-converted-to.pdf Graphic file (type pdf)

<use fig/swade_test2-eps-converted-to.pdf>
Package pdftex.def Info: fig/swade_test2-eps-converted-to.pdf used on input lin
e 36.
(pdftex.def)             Requested size: 361.34999pt x 200.09389pt.
) [19 <./fig/swade_test2-eps-converted-to.pdf>]
\openout2 = `analysis.aux'.

 (./analysis.tex [20



]
Cap\'{\i }tulo 2.
[21] [22]
Package epstopdf Info: Source file: <fig/inte_asig1.eps>
(epstopdf)                    date: 2013-09-23 02:04:51
(epstopdf)                    size: 137956 bytes
(epstopdf)             Output file: <fig/inte_asig1-eps-converted-to.pdf>
(epstopdf)                    date: 2013-09-23 02:05:38
(epstopdf)                    size: 12306 bytes
(epstopdf)             Command: <repstopdf --outfile=fig/inte_asig1-eps-convert
ed-to.pdf fig/inte_asig1.eps>
(epstopdf)             \includegraphics on input line 47.
Package epstopdf Info: Output file is already uptodate.

<fig/inte_asig1-eps-converted-to.pdf, id=369, 147.55125pt x 148.555pt>
File: fig/inte_asig1-eps-converted-to.pdf Graphic file (type pdf)

<use fig/inte_asig1-eps-converted-to.pdf>
Package pdftex.def Info: fig/inte_asig1-eps-converted-to.pdf used on input line
 47.
(pdftex.def)             Requested size: 136.57462pt x 137.50641pt.
Package epstopdf Info: Source file: <fig/inte_asig2.eps>
(epstopdf)                    date: 2013-09-23 02:04:51
(epstopdf)                    size: 99270 bytes
(epstopdf)             Output file: <fig/inte_asig2-eps-converted-to.pdf>
(epstopdf)                    date: 2013-09-23 02:05:39
(epstopdf)                    size: 10170 bytes
(epstopdf)             Command: <repstopdf --outfile=fig/inte_asig2-eps-convert
ed-to.pdf fig/inte_asig2.eps>
(epstopdf)             \includegraphics on input line 54.
Package epstopdf Info: Output file is already uptodate.

<fig/inte_asig2-eps-converted-to.pdf, id=370, 135.50626pt x 114.4275pt>
File: fig/inte_asig2-eps-converted-to.pdf Graphic file (type pdf)

<use fig/inte_asig2-eps-converted-to.pdf>
Package pdftex.def Info: fig/inte_asig2-eps-converted-to.pdf used on input line
 54.
(pdftex.def)             Requested size: 136.57462pt x 115.33339pt.
Package epstopdf Info: Source file: <fig/inte_eva.eps>
(epstopdf)                    date: 2013-09-23 02:04:51
(epstopdf)                    size: 116934 bytes
(epstopdf)             Output file: <fig/inte_eva-eps-converted-to.pdf>
(epstopdf)                    date: 2013-09-23 02:05:40
(epstopdf)                    size: 7349 bytes
(epstopdf)             Command: <repstopdf --outfile=fig/inte_eva-eps-converted
-to.pdf fig/inte_eva.eps>
(epstopdf)             \includegraphics on input line 61.
Package epstopdf Info: Output file is already uptodate.

<fig/inte_eva-eps-converted-to.pdf, id=371, 171.64125pt x 107.40125pt>
File: fig/inte_eva-eps-converted-to.pdf Graphic file (type pdf)

<use fig/inte_eva-eps-converted-to.pdf>
Package pdftex.def Info: fig/inte_eva-eps-converted-to.pdf used on input line 6
1.
(pdftex.def)             Requested size: 136.57462pt x 85.45895pt.
Package epstopdf Info: Source file: <fig/inte_sel.eps>
(epstopdf)                    date: 2013-09-23 02:04:51
(epstopdf)                    size: 3436046 bytes
(epstopdf)             Output file: <fig/inte_sel-eps-converted-to.pdf>
(epstopdf)                    date: 2013-09-23 02:05:48
(epstopdf)                    size: 115010 bytes
(epstopdf)             Command: <repstopdf --outfile=fig/inte_sel-eps-converted
-to.pdf fig/inte_sel.eps>
(epstopdf)             \includegraphics on input line 74.
Package epstopdf Info: Output file is already uptodate.

<fig/inte_sel-eps-converted-to.pdf, id=373, 899.36pt x 632.3625pt>
File: fig/inte_sel-eps-converted-to.pdf Graphic file (type pdf)

<use fig/inte_sel-eps-converted-to.pdf>
Package pdftex.def Info: fig/inte_sel-eps-converted-to.pdf used on input line 7
4.
(pdftex.def)             Requested size: 505.89pt x 355.70303pt.

Overfull \hbox (50.64589pt too wide) in paragraph at lines 74--75
 [][] 
 []


LaTeX Warning: `!h' float specifier changed to `!ht'.

Package epstopdf Info: Source file: <fig/inte_acti.eps>
(epstopdf)                    date: 2013-09-23 02:04:51
(epstopdf)                    size: 2124507 bytes
(epstopdf)             Output file: <fig/inte_acti-eps-converted-to.pdf>
(epstopdf)                    date: 2013-09-23 02:05:53
(epstopdf)                    size: 67747 bytes
(epstopdf)             Command: <repstopdf --outfile=fig/inte_acti-eps-converte
d-to.pdf fig/inte_acti.eps>
(epstopdf)             \includegraphics on input line 85.
Package epstopdf Info: Output file is already uptodate.
<fig/inte_acti-eps-converted-to.pdf, id=375, 715.67375pt x 490.83376pt>
File: fig/inte_acti-eps-converted-to.pdf Graphic file (type pdf)

<use fig/inte_acti-eps-converted-to.pdf>
Package pdftex.def Info: fig/inte_acti-eps-converted-to.pdf used on input line 
85.
(pdftex.def)             Requested size: 289.07999pt x 198.26231pt.


LaTeX Warning: `!h' float specifier changed to `!ht'.

Package epstopdf Info: Source file: <fig/inte_test1.eps>
(epstopdf)                    date: 2013-09-23 02:04:51
(epstopdf)                    size: 2312449 bytes
(epstopdf)             Output file: <fig/inte_test1-eps-converted-to.pdf>
(epstopdf)                    date: 2013-09-23 02:05:59
(epstopdf)                    size: 74656 bytes
(epstopdf)             Command: <repstopdf --outfile=fig/inte_test1-eps-convert
ed-to.pdf fig/inte_test1.eps>
(epstopdf)             \includegraphics on input line 96.
Package epstopdf Info: Output file is already uptodate.
<fig/inte_test1-eps-converted-to.pdf, id=378, 661.47125pt x 578.16pt>
File: fig/inte_test1-eps-converted-to.pdf Graphic file (type pdf)

<use fig/inte_test1-eps-converted-to.pdf>
Package pdftex.def Info: fig/inte_test1-eps-converted-to.pdf used on input line
 96.
(pdftex.def)             Requested size: 289.07999pt x 252.6709pt.
LaTeX Info: Redefining \. on input line 100.
LaTeX Info: Redefining \% on input line 100.
 [23 <./fig/inte_asig1-eps-converted-to.pdf> <./fig/inte_asig2-eps-converted-to
.pdf> <./fig/inte_eva-eps-converted-to.pdf>]

LaTeX Warning: `!h' float specifier changed to `!ht'.

Package epstopdf Info: Source file: <fig/inte_test2.eps>
(epstopdf)                    date: 2013-09-23 02:04:51
(epstopdf)                    size: 1140490 bytes
(epstopdf)             Output file: <fig/inte_test2-eps-converted-to.pdf>
(epstopdf)                    date: 2013-09-23 02:06:02
(epstopdf)                    size: 12903 bytes
(epstopdf)             Command: <repstopdf --outfile=fig/inte_test2-eps-convert
ed-to.pdf fig/inte_test2.eps>
(epstopdf)             \includegraphics on input line 104.
Package epstopdf Info: Output file is already uptodate.
<fig/inte_test2-eps-converted-to.pdf, id=392, 527.9725pt x 356.33125pt>
File: fig/inte_test2-eps-converted-to.pdf Graphic file (type pdf)

<use fig/inte_test2-eps-converted-to.pdf>
Package pdftex.def Info: fig/inte_test2-eps-converted-to.pdf used on input line
 104.
(pdftex.def)             Requested size: 289.07999pt x 195.10196pt.


LaTeX Warning: `!h' float specifier changed to `!ht'.

Package epstopdf Info: Source file: <fig/inte_men.eps>
(epstopdf)                    date: 2013-09-23 02:04:51
(epstopdf)                    size: 1323859 bytes
(epstopdf)             Output file: <fig/inte_men-eps-converted-to.pdf>
(epstopdf)                    date: 2013-09-23 02:06:06
(epstopdf)                    size: 13006 bytes
(epstopdf)             Command: <repstopdf --outfile=fig/inte_men-eps-converted
-to.pdf fig/inte_men.eps>
(epstopdf)             \includegraphics on input line 115.
Package epstopdf Info: Output file is already uptodate.
<fig/inte_men-eps-converted-to.pdf, id=394, 613.29124pt x 356.33125pt>
File: fig/inte_men-eps-converted-to.pdf Graphic file (type pdf)

<use fig/inte_men-eps-converted-to.pdf>
Package pdftex.def Info: fig/inte_men-eps-converted-to.pdf used on input line 1
15.
(pdftex.def)             Requested size: 289.07999pt x 167.95961pt.


LaTeX Warning: `!h' float specifier changed to `!ht'.

) [24 <./fig/inte_sel-eps-converted-to.pdf>]
LaTeX Info: Redefining \. on input line 147.
LaTeX Info: Redefining \% on input line 147.
 [25 <./fig/inte_acti-eps-converted-to.pdf> <./fig/inte_test1-eps-converted-to.
pdf>] [26 <./fig/inte_test2-eps-converted-to.pdf> <./fig/inte_men-eps-converted
-to.pdf>]
\openout2 = `state.aux'.

 (./state.tex
Cap\'{\i }tulo 3.
Package epstopdf Info: Source file: <fig/wiki_wysiwym.eps>
(epstopdf)                    date: 2013-09-23 02:04:53
(epstopdf)                    size: 2590470 bytes
(epstopdf)             Output file: <fig/wiki_wysiwym-eps-converted-to.pdf>
(epstopdf)                    date: 2013-09-23 02:06:13
(epstopdf)                    size: 61363 bytes
(epstopdf)             Command: <repstopdf --outfile=fig/wiki_wysiwym-eps-conve
rted-to.pdf fig/wiki_wysiwym.eps>
(epstopdf)             \includegraphics on input line 15.
Package epstopdf Info: Output file is already uptodate.
<fig/wiki_wysiwym-eps-converted-to.pdf, id=429, 800.9925pt x 534.99875pt>
File: fig/wiki_wysiwym-eps-converted-to.pdf Graphic file (type pdf)

<use fig/wiki_wysiwym-eps-converted-to.pdf>
Package pdftex.def Info: fig/wiki_wysiwym-eps-converted-to.pdf used on input li
ne 15.
(pdftex.def)             Requested size: 455.24411pt x 304.0708pt.
 [27



]
Package epstopdf Info: Source file: <fig/wiki_wysiwyg.eps>
(epstopdf)                    date: 2013-09-23 02:04:53
(epstopdf)                    size: 2063079 bytes
(epstopdf)             Output file: <fig/wiki_wysiwyg-eps-converted-to.pdf>
(epstopdf)                    date: 2013-09-23 02:06:18
(epstopdf)                    size: 128818 bytes
(epstopdf)             Command: <repstopdf --outfile=fig/wiki_wysiwyg-eps-conve
rted-to.pdf fig/wiki_wysiwyg.eps>
(epstopdf)             \includegraphics on input line 24.
Package epstopdf Info: Output file is already uptodate.

<fig/wiki_wysiwyg-eps-converted-to.pdf, id=440, 793.96625pt x 429.605pt>
File: fig/wiki_wysiwyg-eps-converted-to.pdf Graphic file (type pdf)

<use fig/wiki_wysiwyg-eps-converted-to.pdf>
Package pdftex.def Info: fig/wiki_wysiwyg-eps-converted-to.pdf used on input li
ne 24.
(pdftex.def)             Requested size: 455.24411pt x 246.33264pt.


LaTeX Warning: `!h' float specifier changed to `!ht'.

[28 <./fig/wiki_wysiwym-eps-converted-to.pdf>]
Package epstopdf Info: Source file: <fig/stack_editor.eps>
(epstopdf)                    date: 2013-09-23 02:04:52
(epstopdf)                    size: 2625583 bytes
(epstopdf)             Output file: <fig/stack_editor-eps-converted-to.pdf>
(epstopdf)                    date: 2013-09-23 02:06:26
(epstopdf)                    size: 53583 bytes
(epstopdf)             Command: <repstopdf --outfile=fig/stack_editor-eps-conve
rted-to.pdf fig/stack_editor.eps>
(epstopdf)             \includegraphics on input line 44.
Package epstopdf Info: Output file is already uptodate.

<fig/stack_editor-eps-converted-to.pdf, id=454, 761.84625pt x 570.13pt>
File: fig/stack_editor-eps-converted-to.pdf Graphic file (type pdf)

<use fig/stack_editor-eps-converted-to.pdf>
Package pdftex.def Info: fig/stack_editor-eps-converted-to.pdf used on input li
ne 44.
(pdftex.def)             Requested size: 455.24411pt x 340.68002pt.


LaTeX Warning: `!h' float specifier changed to `!ht'.


Underfull \vbox (badness 6758) has occurred while \output is active []

LaTeX Info: Redefining \. on input line 53.
LaTeX Info: Redefining \% on input line 53.
 [29 <./fig/wiki_wysiwyg-eps-converted-to.pdf>]
Underfull \vbox (badness 1365) has occurred while \output is active []

 [30 <./fig/stack_editor-eps-converted-to.pdf>]
LaTeX Info: Redefining \. on input line 79.
LaTeX Info: Redefining \% on input line 79.
 [31]
Package epstopdf Info: Source file: <fig/yuie1.eps>
(epstopdf)                    date: 2013-08-07 04:37:56
(epstopdf)                    size: 484299 bytes
(epstopdf)             Output file: <fig/yuie1-eps-converted-to.pdf>
(epstopdf)                    date: 2013-08-07 17:56:23
(epstopdf)                    size: 32089 bytes
(epstopdf)             Command: <repstopdf --outfile=fig/yuie1-eps-converted-to
.pdf fig/yuie1.eps>
(epstopdf)             \includegraphics on input line 90.
Package epstopdf Info: Output file is already uptodate.

<fig/yuie1-eps-converted-to.pdf, id=479, 351.3125pt x 225.84375pt>
File: fig/yuie1-eps-converted-to.pdf Graphic file (type pdf)

<use fig/yuie1-eps-converted-to.pdf>
Package pdftex.def Info: fig/yuie1-eps-converted-to.pdf used on input line 90.
(pdftex.def)             Requested size: 455.24411pt x 292.68016pt.


LaTeX Warning: `!h' float specifier changed to `!ht'.

Package epstopdf Info: Source file: <fig/tmce1.eps>
(epstopdf)                    date: 2013-08-07 04:37:55
(epstopdf)                    size: 1175877 bytes
(epstopdf)             Output file: <fig/tmce1-eps-converted-to.pdf>
(epstopdf)                    date: 2013-08-07 04:37:55
(epstopdf)                    size: 23517 bytes
(epstopdf)             Command: <repstopdf --outfile=fig/tmce1-eps-converted-to
.pdf fig/tmce1.eps>
(epstopdf)             \includegraphics on input line 100.
Package epstopdf Info: Output file is already uptodate.
<fig/tmce1-eps-converted-to.pdf, id=482, 680.5425pt x 285.065pt>
File: fig/tmce1-eps-converted-to.pdf Graphic file (type pdf)

<use fig/tmce1-eps-converted-to.pdf>
Package pdftex.def Info: fig/tmce1-eps-converted-to.pdf used on input line 100.

(pdftex.def)             Requested size: 455.24411pt x 190.69241pt.


LaTeX Warning: `!h' float specifier changed to `!ht'.


Underfull \vbox (badness 10000) has occurred while \output is active []

 [32]
LaTeX Info: Redefining \. on input line 107.
LaTeX Info: Redefining \% on input line 107.

[33 <./fig/yuie1-eps-converted-to.pdf> <./fig/tmce1-eps-converted-to.pdf>]
Package epstopdf Info: Source file: <fig/nice1.eps>
(epstopdf)                    date: 2013-08-07 04:37:55
(epstopdf)                    size: 227277 bytes
(epstopdf)             Output file: <fig/nice1-eps-converted-to.pdf>
(epstopdf)                    date: 2013-08-07 04:37:55
(epstopdf)                    size: 16327 bytes
(epstopdf)             Command: <repstopdf --outfile=fig/nice1-eps-converted-to
.pdf fig/nice1.eps>
(epstopdf)             \includegraphics on input line 113.
Package epstopdf Info: Output file is already uptodate.

<fig/nice1-eps-converted-to.pdf, id=504, 393.47pt x 93.34875pt>
File: fig/nice1-eps-converted-to.pdf Graphic file (type pdf)

<use fig/nice1-eps-converted-to.pdf>
Package pdftex.def Info: fig/nice1-eps-converted-to.pdf used on input line 113.

(pdftex.def)             Requested size: 455.24411pt x 108.004pt.
 [34 <./fig/nice1-eps-converted-to.pdf>]
Package epstopdf Info: Source file: <fig/cke3.eps>
(epstopdf)                    date: 2013-08-08 10:50:24
(epstopdf)                    size: 799794 bytes
(epstopdf)             Output file: <fig/cke3-eps-converted-to.pdf>
(epstopdf)                    date: 2013-08-08 10:52:00
(epstopdf)                    size: 30448 bytes
(epstopdf)             Command: <repstopdf --outfile=fig/cke3-eps-converted-to.
pdf fig/cke3.eps>
(epstopdf)             \includegraphics on input line 127.
Package epstopdf Info: Output file is already uptodate.

<fig/cke3-eps-converted-to.pdf, id=519, 350.30875pt x 211.79124pt>
File: fig/cke3-eps-converted-to.pdf Graphic file (type pdf)

<use fig/cke3-eps-converted-to.pdf>
Package pdftex.def Info: fig/cke3-eps-converted-to.pdf used on input line 127.
(pdftex.def)             Requested size: 455.24411pt x 275.25426pt.
Package epstopdf Info: Source file: <fig/cke1.eps>
(epstopdf)                    date: 2013-08-07 04:37:55
(epstopdf)                    size: 1795892 bytes
(epstopdf)             Output file: <fig/cke1-eps-converted-to.pdf>
(epstopdf)                    date: 2013-08-07 04:37:55
(epstopdf)                    size: 150507 bytes
(epstopdf)             Command: <repstopdf --outfile=fig/cke1-eps-converted-to.
pdf fig/cke1.eps>
(epstopdf)             \includegraphics on input line 134.
Package epstopdf Info: Output file is already uptodate.

<fig/cke1-eps-converted-to.pdf, id=520, 717.68124pt x 413.545pt>
File: fig/cke1-eps-converted-to.pdf Graphic file (type pdf)

<use fig/cke1-eps-converted-to.pdf>
Package pdftex.def Info: fig/cke1-eps-converted-to.pdf used on input line 134.
(pdftex.def)             Requested size: 455.24411pt x 262.32681pt.


LaTeX Warning: `!h' float specifier changed to `!ht'.

Package epstopdf Info: Source file: <fig/opene1.eps>
(epstopdf)                    date: 2013-08-07 04:37:55
(epstopdf)                    size: 880291 bytes
(epstopdf)             Output file: <fig/opene1-eps-converted-to.pdf>
(epstopdf)                    date: 2013-08-07 04:37:55
(epstopdf)                    size: 37541 bytes
(epstopdf)             Command: <repstopdf --outfile=fig/opene1-eps-converted-t
o.pdf fig/opene1.eps>
(epstopdf)             \includegraphics on input line 145.
Package epstopdf Info: Output file is already uptodate.
<fig/opene1-eps-converted-to.pdf, id=524, 541.02126pt x 268.00125pt>
File: fig/opene1-eps-converted-to.pdf Graphic file (type pdf)

<use fig/opene1-eps-converted-to.pdf>
Package pdftex.def Info: fig/opene1-eps-converted-to.pdf used on input line 145
.
(pdftex.def)             Requested size: 455.24411pt x 225.51616pt.


LaTeX Warning: `!h' float specifier changed to `!ht'.

LaTeX Info: Redefining \. on input line 155.
LaTeX Info: Redefining \% on input line 155.
[35 <./fig/cke3-eps-converted-to.pdf>]
Underfull \vbox (badness 2073) has occurred while \output is active []

 [36 <./fig/cke1-eps-converted-to.pdf> <./fig/opene1-eps-converted-to.pdf>]
LaTeX Info: Redefining \. on input line 171.
LaTeX Info: Redefining \% on input line 171.
 [37]) [38]
\openout2 = `design.aux'.


(./design.tex
Cap\'{\i }tulo 4.
Package epstopdf Info: Source file: <fig/dialog.eps>
(epstopdf)                    date: 2013-09-23 16:07:58
(epstopdf)                    size: 470244 bytes
(epstopdf)             Output file: <fig/dialog-eps-converted-to.pdf>
(epstopdf)                    date: 2013-09-23 16:13:31
(epstopdf)                    size: 20154 bytes
(epstopdf)             Command: <repstopdf --outfile=fig/dialog-eps-converted-t
o.pdf fig/dialog.eps>
(epstopdf)             \includegraphics on input line 12.
Package epstopdf Info: Output file is already uptodate.
<fig/dialog-eps-converted-to.pdf, id=555, 448.67625pt x 171.64125pt>
File: fig/dialog-eps-converted-to.pdf Graphic file (type pdf)

<use fig/dialog-eps-converted-to.pdf>
Package pdftex.def Info: fig/dialog-eps-converted-to.pdf used on input line 12.

(pdftex.def)             Requested size: 289.07999pt x 110.59119pt.
Package epstopdf Info: Source file: <fig/panel.eps>
(epstopdf)                    date: 2013-09-23 16:07:47
(epstopdf)                    size: 1081357 bytes
(epstopdf)             Output file: <fig/panel-eps-converted-to.pdf>
(epstopdf)                    date: 2013-09-23 16:13:34
(epstopdf)                    size: 13771 bytes
(epstopdf)             Command: <repstopdf --outfile=fig/panel-eps-converted-to
.pdf fig/panel.eps>
(epstopdf)             \includegraphics on input line 23.
Package epstopdf Info: Output file is already uptodate.

<fig/panel-eps-converted-to.pdf, id=557, 602.25pt x 296.10625pt>
File: fig/panel-eps-converted-to.pdf Graphic file (type pdf)

<use fig/panel-eps-converted-to.pdf>
Package pdftex.def Info: fig/panel-eps-converted-to.pdf used on input line 23.
(pdftex.def)             Requested size: 505.89pt x 248.74109pt.

Overfull \hbox (50.64589pt too wide) in paragraph at lines 23--24
 [][] 
 []


LaTeX Warning: `!h' float specifier changed to `!ht'.

[39



 <./fig/dialog-eps-converted-to.pdf>]

Package Fancyhdr Warning: \headheight is too small (13.64296pt): 
 Make it at least 13.87178pt.
 We now make it that large for the rest of the document.
 This may cause the page layout to be inconsistent, however.

[40 <./fig/panel-eps-converted-to.pdf>] [41]
Overfull \hbox (3.08394pt too wide) in paragraph at lines 87--87
[]    \T1/cmtt/m/n/10.95 xmlhttp.setRequestHeader("Content-type","application/x
-www-form-urlencoded");[] 
 []

[42]) [43]
\openout2 = `results.aux'.

 (./results.tex [44



]
Cap\'{\i }tulo 5.
Package epstopdf Info: Source file: <fig/result_testpage0.eps>
(epstopdf)                    date: 2013-09-23 03:37:47
(epstopdf)                    size: 2639375 bytes
(epstopdf)             Output file: <fig/result_testpage0-eps-converted-to.pdf>

(epstopdf)                    date: 2013-09-23 03:53:44
(epstopdf)                    size: 10616 bytes
(epstopdf)             Command: <repstopdf --outfile=fig/result_testpage0-eps-c
onverted-to.pdf fig/result_testpage0.eps>
(epstopdf)             \includegraphics on input line 9.
Package epstopdf Info: Output file is already uptodate.

<fig/result_testpage0-eps-converted-to.pdf, id=592, 904.37875pt x 482.80376pt>
File: fig/result_testpage0-eps-converted-to.pdf Graphic file (type pdf)

<use fig/result_testpage0-eps-converted-to.pdf>
Package pdftex.def Info: fig/result_testpage0-eps-converted-to.pdf used on inpu
t line 9.
(pdftex.def)             Requested size: 505.89pt x 270.06621pt.

Overfull \hbox (50.64589pt too wide) in paragraph at lines 9--10
 [][] 
 []

[45 <./fig/result_testpage0-eps-converted-to.pdf>]
Package epstopdf Info: Source file: <fig/result_testpage1.eps>
(epstopdf)                    date: 2013-09-23 02:35:17
(epstopdf)                    size: 5012182 bytes
(epstopdf)             Output file: <fig/result_testpage1-eps-converted-to.pdf>

(epstopdf)                    date: 2013-09-23 02:36:08
(epstopdf)                    size: 95159 bytes
(epstopdf)             Command: <repstopdf --outfile=fig/result_testpage1-eps-c
onverted-to.pdf fig/result_testpage1.eps>
(epstopdf)             \includegraphics on input line 29.
Package epstopdf Info: Output file is already uptodate.

<fig/result_testpage1-eps-converted-to.pdf, id=601, 1241.63875pt x 668.4975pt>
File: fig/result_testpage1-eps-converted-to.pdf Graphic file (type pdf)

<use fig/result_testpage1-eps-converted-to.pdf>
Package pdftex.def Info: fig/result_testpage1-eps-converted-to.pdf used on inpu
t line 29.
(pdftex.def)             Requested size: 505.89pt x 272.37207pt.

Overfull \hbox (50.64589pt too wide) in paragraph at lines 29--30
 [][] 
 []

Package epstopdf Info: Source file: <fig/result_testpage2.eps>
(epstopdf)                    date: 2013-09-23 02:35:25
(epstopdf)                    size: 2615426 bytes
(epstopdf)             Output file: <fig/result_testpage2-eps-converted-to.pdf>

(epstopdf)                    date: 2013-09-23 02:36:16
(epstopdf)                    size: 22907 bytes
(epstopdf)             Command: <repstopdf --outfile=fig/result_testpage2-eps-c
onverted-to.pdf fig/result_testpage2.eps>
(epstopdf)             \includegraphics on input line 40.
Package epstopdf Info: Output file is already uptodate.
<fig/result_testpage2-eps-converted-to.pdf, id=602, 642.4pt x 673.51625pt>
File: fig/result_testpage2-eps-converted-to.pdf Graphic file (type pdf)

<use fig/result_testpage2-eps-converted-to.pdf>
Package pdftex.def Info: fig/result_testpage2-eps-converted-to.pdf used on inpu
t line 40.
(pdftex.def)             Requested size: 361.34999pt x 378.86223pt.


LaTeX Warning: `!h' float specifier changed to `!ht'.

[46 <./fig/result_testpage1-eps-converted-to.pdf>]
Package epstopdf Info: Source file: <fig/result_testpage3.eps>
(epstopdf)                    date: 2013-09-23 02:35:31
(epstopdf)                    size: 1489980 bytes
(epstopdf)             Output file: <fig/result_testpage3-eps-converted-to.pdf>

(epstopdf)                    date: 2013-09-23 02:36:19
(epstopdf)                    size: 47744 bytes
(epstopdf)             Command: <repstopdf --outfile=fig/result_testpage3-eps-c
onverted-to.pdf fig/result_testpage3.eps>
(epstopdf)             \includegraphics on input line 52.
Package epstopdf Info: Output file is already uptodate.

<fig/result_testpage3-eps-converted-to.pdf, id=613, 712.6625pt x 345.29pt>
File: fig/result_testpage3-eps-converted-to.pdf Graphic file (type pdf)

<use fig/result_testpage3-eps-converted-to.pdf>
Package pdftex.def Info: fig/result_testpage3-eps-converted-to.pdf used on inpu
t line 52.
(pdftex.def)             Requested size: 361.34999pt x 175.07343pt.


LaTeX Warning: `!h' float specifier changed to `!ht'.

Package epstopdf Info: Source file: <fig/result_testpage4.eps>
(epstopdf)                    date: 2013-09-23 02:35:37
(epstopdf)                    size: 1582641 bytes
(epstopdf)             Output file: <fig/result_testpage4-eps-converted-to.pdf>

(epstopdf)                    date: 2013-09-23 02:39:00
(epstopdf)                    size: 16410 bytes
(epstopdf)             Command: <repstopdf --outfile=fig/result_testpage4-eps-c
onverted-to.pdf fig/result_testpage4.eps>
(epstopdf)             \includegraphics on input line 61.
Package epstopdf Info: Output file is already uptodate.
<fig/result_testpage4-eps-converted-to.pdf, id=614, 819.06pt x 319.1925pt>
File: fig/result_testpage4-eps-converted-to.pdf Graphic file (type pdf)

<use fig/result_testpage4-eps-converted-to.pdf>
Package pdftex.def Info: fig/result_testpage4-eps-converted-to.pdf used on inpu
t line 61.
(pdftex.def)             Requested size: 361.34999pt x 140.82014pt.


LaTeX Warning: `!h' float specifier changed to `!ht'.

Package epstopdf Info: Source file: <fig/swade_test1.eps>
(epstopdf)                    date: 2013-09-23 02:04:52
(epstopdf)                    size: 2187697 bytes
(epstopdf)             Output file: <fig/swade_test1-eps-converted-to.pdf>
(epstopdf)                    date: 2013-09-23 02:05:32
(epstopdf)                    size: 95204 bytes
(epstopdf)             Command: <repstopdf --outfile=fig/swade_test1-eps-conver
ted-to.pdf fig/swade_test1.eps>
(epstopdf)             \includegraphics on input line 73.
Package epstopdf Info: Output file is already uptodate.
File: fig/swade_test1-eps-converted-to.pdf Graphic file (type pdf)
<use fig/swade_test1-eps-converted-to.pdf>
Package pdftex.def Info: fig/swade_test1-eps-converted-to.pdf used on input lin
e 73.
(pdftex.def)             Requested size: 361.34999pt x 256.6561pt.


LaTeX Warning: `!h' float specifier changed to `!ht'.

Package epstopdf Info: Source file: <fig/result_test1.eps>
(epstopdf)                    date: 2013-09-23 02:04:52
(epstopdf)                    size: 3768628 bytes
(epstopdf)             Output file: <fig/result_test1-eps-converted-to.pdf>
(epstopdf)                    date: 2013-09-23 02:06:38
(epstopdf)                    size: 177742 bytes
(epstopdf)             Command: <repstopdf --outfile=fig/result_test1-eps-conve
rted-to.pdf fig/result_test1.eps>
(epstopdf)             \includegraphics on input line 82.
Package epstopdf Info: Output file is already uptodate.
<fig/result_test1-eps-converted-to.pdf, id=618, 989.6975pt x 630.355pt>
File: fig/result_test1-eps-converted-to.pdf Graphic file (type pdf)

<use fig/result_test1-eps-converted-to.pdf>
Package pdftex.def Info: fig/result_test1-eps-converted-to.pdf used on input li
ne 82.
(pdftex.def)             Requested size: 361.34999pt x 230.1498pt.


LaTeX Warning: `!h' float specifier changed to `!ht'.

Package epstopdf Info: Source file: <fig/result_test2.eps>
(epstopdf)                    date: 2013-09-23 02:04:52
(epstopdf)                    size: 3828510 bytes
(epstopdf)             Output file: <fig/result_test2-eps-converted-to.pdf>
(epstopdf)                    date: 2013-09-23 02:06:47
(epstopdf)                    size: 148878 bytes
(epstopdf)             Command: <repstopdf --outfile=fig/result_test2-eps-conve
rted-to.pdf fig/result_test2.eps>
(epstopdf)             \includegraphics on input line 91.
Package epstopdf Info: Output file is already uptodate.
<fig/result_test2-eps-converted-to.pdf, id=619, 920.43875pt x 688.5725pt>
File: fig/result_test2-eps-converted-to.pdf Graphic file (type pdf)

<use fig/result_test2-eps-converted-to.pdf>
Package pdftex.def Info: fig/result_test2-eps-converted-to.pdf used on input li
ne 91.
(pdftex.def)             Requested size: 361.34999pt x 270.32834pt.


LaTeX Warning: `!h' float specifier changed to `!ht'.

) [47 <./fig/result_testpage2-eps-converted-to.pdf>] [48 <./fig/result_testpage
3-eps-converted-to.pdf> <./fig/result_testpage4-eps-converted-to.pdf>] [49 <./f
ig/result_test1-eps-converted-to.pdf>] [50 <./fig/result_test2-eps-converted-to
.pdf>]
\openout2 = `conclusions.aux'.

 (./conclusions.tex
Cap\'{\i }tulo 6.
[51



]) [52] [53


] [54]
\openout2 = `installation.aux'.

 (./installation.texpdfTeX warning (ext4): destination with the same identifier
 (name{chapter.1}) has been already used, duplicate ignored
<to be read again> 
                   \relax 
l.1 ...er{Instalacin en el Servidor de OpenSWAD}
                                                  
AP\IeC {\'E}NDICE A.
[55


]
Overfull \hbox (53.70235pt too wide) in paragraph at lines 24--25
[]\T1/cmr/m/n/10.95 Para ins-ta-lar ocaml des-car-ga-mos las fuen-tes de su p-
gi-na ofi-cial ([][]$\T1/cmtt/m/n/10.95 =$[][]\T1/cmr/m/n/10.95 http://caml.inr
ia.fr/download.en.html)
 []

[56]) [57]
\openout2 = `integracion.aux'.

 (./integracion.tex [58



]pdfTeX warning (ext4): destination with the same identifier (name{chapter.2}) 
has been already used, duplicate ignored
<to be read again> 
                   \relax 
l.1 \chapter{Integracin en la plataforma SWAD}
                                                
AP\IeC {\'E}NDICE B.
[59]
Overfull \hbox (20.05905pt too wide) in paragraph at lines 41--41
[]\T1/cmtt/m/n/10.95 $config->set('HTML.Doctype', 'HTML 4.01 Transitional'); //
 replace with your doctype[] 
 []

[60]) [61]
\openout2 = `openSource.aux'.

 (./openSource.tex [62



]pdfTeX warning (ext4): destination with the same identifier (name{chapter.3}) 
has been already used, duplicate ignored
<to be read again> 
                   \relax 
l.1 \chapter{Software Libre y Cdigo Abierto}
                                              
AP\IeC {\'E}NDICE C.
[63]) [64]
\openout2 = `licencias.aux'.

 (./licencias.texpdfTeX warning (ext4): destination with the same identifier (n
ame{chapter.4}) has been already used, duplicate ignored
<to be read again> 
                   \relax 
l.1 ...cencias de distribucin de Software Libre}
                                                  
AP\IeC {\'E}NDICE D.
[65



] [66])
LaTeX Info: Redefining \. on input line 168.
LaTeX Info: Redefining \% on input line 168.
 [67]
\openout2 = `swade_code.aux'.

 (./swade_code.tex [68



]pdfTeX warning (ext4): destination with the same identifier (name{chapter.5}) 
has been already used, duplicate ignored
<to be read again> 
                   \relax 
l.1 \chapter{Cdigo del editor}
                                
AP\IeC {\'E}NDICE E.
[69]
LaTeX Font Info:    Font shape `T1/cmtt/bx/n' in size <10.95> not available
(Font)              Font shape `T1/cmtt/m/n' tried instead on input line 24.

Underfull \vbox (badness 10000) has occurred while \output is active []

 [70]
Underfull \vbox (badness 10000) has occurred while \output is active []

 [71]
Underfull \vbox (badness 10000) has occurred while \output is active []

 [72]
Underfull \vbox (badness 10000) has occurred while \output is active []

 [73]
Underfull \vbox (badness 10000) has occurred while \output is active []

 [74]
Underfull \vbox (badness 10000) has occurred while \output is active []

 [75]
Underfull \vbox (badness 10000) has occurred while \output is active []

 [76]
Underfull \vbox (badness 10000) has occurred while \output is active []

 [77]
Underfull \vbox (badness 10000) has occurred while \output is active []

 [78]
Underfull \vbox (badness 10000) has occurred while \output is active []

 [79]
Underfull \vbox (badness 10000) has occurred while \output is active []

 [80]
Underfull \vbox (badness 10000) has occurred while \output is active []

 [81]
Underfull \vbox (badness 10000) has occurred while \output is active []

 [82]
Underfull \vbox (badness 10000) has occurred while \output is active []

 [83]
Underfull \vbox (badness 10000) has occurred while \output is active []

 [84]
Underfull \vbox (badness 10000) has occurred while \output is active []

 [85]
Underfull \vbox (badness 10000) has occurred while \output is active []

 [86]
Underfull \vbox (badness 10000) has occurred while \output is active []

 [87]
Underfull \vbox (badness 10000) has occurred while \output is active []

 [88]
Underfull \vbox (badness 10000) has occurred while \output is active []

 [89]
Underfull \vbox (badness 10000) has occurred while \output is active []

 [90]
Underfull \vbox (badness 10000) has occurred while \output is active []

 [91]
Underfull \vbox (badness 10000) has occurred while \output is active []

 [92]
Underfull \vbox (badness 10000) has occurred while \output is active []

 [93]
Underfull \vbox (badness 10000) has occurred while \output is active []

 [94]
Underfull \vbox (badness 10000) has occurred while \output is active []

 [95]
Underfull \vbox (badness 10000) has occurred while \output is active []

 [96]
Underfull \vbox (badness 10000) has occurred while \output is active []

 [97]
Underfull \vbox (badness 10000) has occurred while \output is active []

 [98])
[99] (./PFC.bbl [100


] [101])
Package atveryend Info: Empty hook `BeforeClearDocument' on input line 177.
 [102]
Package atveryend Info: Empty hook `AfterLastShipout' on input line 177.
 (./PFC.aux
LaTeX Info: Redefining \. on input line 22.
LaTeX Info: Redefining \% on input line 22.
 (./Acta/Acta.aux) (./prologo.aux) (./intro.aux) (./analysis.aux) (./state.aux)
 (./design.aux) (./results.aux)
(./conclusions.aux) (./installation.aux) (./integracion.aux) (./openSource.aux)
(./licencias.aux) (./swade_code.aux))
Package atveryend Info: Executing hook `AtVeryEndDocument' on input line 177.
Package atveryend Info: Executing hook `AtEndAfterFileList' on input line 177.
Package rerunfilecheck Info: File `PFC.out' has not changed.
(rerunfilecheck)             Checksum: C4E10C2ED63FC7C90ED6F0D17B411C12;2252.
Package atveryend Info: Empty hook `AtVeryVeryEnd' on input line 177.
 ) 
Here is how much of TeX's memory you used:
 12272 strings out of 494989
 177078 string characters out of 3179821
 498505 words of memory out of 3000000
 14190 multiletter control sequences out of 15000+200000
 22555 words of font info for 51 fonts, out of 3000000 for 9000
 40 hyphenation exceptions out of 8191
 36i,12n,43p,1563b,1905s stack positions out of 5000i,500n,10000p,200000b,50000s
 </home/asce/.texmf-var/fonts/pk/ljfour/jknappen/ec/ecrm0900.600pk> </home/as
ce/.texmf-var/fonts/pk/ljfour/jknappen/ec/ecbx2488.600pk> </home/asce/.texmf-va
r/fonts/pk/ljfour/jknappen/ec/ecrm0800.600pk>{/usr/share/texlive/texmf-dist/fon
ts/enc/dvips/base/8r.enc} </home/asce/.texmf-var/fonts/pk/ljfour/jknappen/ec/ec
tt1095.600pk> </home/asce/.texmf-var/fonts/pk/ljfour/jknappen/ec/ecrm2488.600pk
> </home/asce/.texmf-var/fonts/pk/ljfour/jknappen/ec/ecti1095.600pk> </home/asc
e/.texmf-var/fonts/pk/ljfour/jknappen/ec/ecbx1095.600pk> </home/asce/.texmf-var
/fonts/pk/ljfour/jknappen/ec/ecrm1095.600pk> </home/asce/.texmf-var/fonts/pk/lj
four/jknappen/ec/ecbx1200.600pk> </home/asce/.texmf-var/fonts/pk/ljfour/jknappe
n/ec/ecrm1200.600pk> </home/asce/.texmf-var/fonts/pk/ljfour/jknappen/ec/ecbi120
0.600pk> </home/asce/.texmf-var/fonts/pk/ljfour/jknappen/ec/ecbx1440.600pk></us
r/share/texlive/texmf-dist/fonts/type1/urw/helvetic/uhvr8a.pfb></usr/share/texl
ive/texmf-dist/fonts/type1/urw/times/utmr8a.pfb>
Output written on PFC.pdf (102 pages, 1896570 bytes).
PDF statistics:
 2452 PDF objects out of 2487 (max. 8388607)
 1764 compressed objects within 18 object streams
 955 named destinations out of 1000 (max. 500000)
 431 words of extra memory for PDF output out of 10000 (max. 10000000)

