This is pdfTeX, Version 3.1415926-2.4-1.40.13 (TeX Live 2012/Debian) (format=pdflatex 2013.7.28)  5 AUG 2013 18:08
entering extended mode
 restricted \write18 enabled.
 %&-line parsing enabled.
**Acta.tex
(./Acta.tex
LaTeX2e <2011/06/27>
Babel <v3.8m> and hyphenation patterns for english, dumylang, nohyphenation, lo
aded.

! LaTeX Error: Environment large undefined.

See the LaTeX manual or LaTeX Companion for explanation.
Type  H <return>  for immediate help.
 ...                                              
                                                  
l.1 \begin{large}
                 
Your command was ignored.
Type  I <command> <return>  to replace it with another command,
or  <return>  to continue without it.


! LaTeX Error: Missing \begin{document}.

See the LaTeX manual or LaTeX Companion for explanation.
Type  H <return>  for immediate help.
 ...                                              
                                                  
l.3   \noindent
                 \begin{tabular}{p{2cm}p{11cm}}
You're in trouble here.  Try typing  <return>  to proceed.
If that doesn't work, type  X <return>  to quit.

LaTeX Font Info:    External font `cmex10' loaded for size
(Font)              <7> on input line 3.
LaTeX Font Info:    External font `cmex10' loaded for size
(Font)              <5> on input line 3.
Missing character: There is no Ã in font cmcsc10!
Missing character: There is no ­ in font cmcsc10!
Missing character: There is no . in font nullfont!
Missing character: There is no Ã in font cmti10!
Missing character: There is no ± in font cmti10!

Overfull \hbox (369.8858pt too wide) in paragraph at lines 3--10
[] 
 []


! LaTeX Error: \begin{document} ended by \end{large}.

See the LaTeX manual or LaTeX Companion for explanation.
Type  H <return>  for immediate help.
 ...                                              
                                                  
l.11 \end{large}
                
Your command was ignored.
Type  I <command> <return>  to replace it with another command,
or  <return>  to continue without it.

)
! Emergency stop.
<*> Acta.tex
            
*** (job aborted, no legal \end found)

 
Here is how much of TeX's memory you used:
 14 strings out of 495059
 209 string characters out of 3182030
 46057 words of memory out of 3000000
 3295 multiletter control sequences out of 15000+200000
 4287 words of font info for 16 fonts, out of 3000000 for 9000
 14 hyphenation exceptions out of 8191
 19i,9n,12p,91b,171s stack positions out of 5000i,500n,10000p,200000b,50000s
!  ==> Fatal error occurred, no output PDF file produced!
